1503485616145	geckodriver	INFO	geckodriver 0.18.0
1503485616149	geckodriver	INFO	Listening on 127.0.0.1:50511
1503485617194	geckodriver::marionette	INFO	Starting browser /Applications/Firefox.app/Contents/MacOS/firefox-bin with args ["-marionette"]
1503485617748	Marionette	INFO	Enabled via --marionette
2017-08-23 18:53:38.886 plugin-container[24829:1534492] *** CFMessagePort: bootstrap_register(): failed 1100 (0x44c) 'Permission denied', port = 0xad3b, name = 'com.apple.tsm.portname'
See /usr/include/servers/bootstrap_defs.h for the error codes.
2017-08-23 18:53:38.887 plugin-container[24829:1534492] *** CFMessagePort: bootstrap_register(): failed 1100 (0x44c) 'Permission denied', port = 0xb003, name = 'com.apple.CFPasteboardClient'
See /usr/include/servers/bootstrap_defs.h for the error codes.
1503485619139	Marionette	INFO	Listening on port 50520
JavaScript error: chrome://marionette/content/server.js, line 337: NS_ERROR_SOCKET_ADDRESS_IN_USE: Component returned failure code: 0x804b0036 (NS_ERROR_SOCKET_ADDRESS_IN_USE) [nsIServerSocket.initSpecialConnection]
1503485619193	Marionette	WARN	TLS certificate errors will be ignored for this session
1503485619232	Marionette	DEBUG	loaded listener.js
1503485619251	Marionette	DEBUG	Received DOM event "beforeunload" for "about:blank"
1503485620163	Marionette	DEBUG	Received DOM event "pagehide" for "about:blank"
1503485620164	Marionette	DEBUG	Received DOM event "unload" for "about:blank"
JavaScript warning: https://www.aqistudy.cn/historydata/resource/js/jquery.min.js?v=1.5, line 1: Using //@ to indicate sourceMappingURL pragmas is deprecated. Use //# instead
1503485620752	Marionette	DEBUG	Received DOM event "DOMContentLoaded" for "https://www.aqistudy.cn/historydata/daydata.php?city=%E6%B1%A0%E5%B7%9E&month=201610"
1503485621296	Marionette	DEBUG	Received DOM event "pageshow" for "https://www.aqistudy.cn/historydata/daydata.php?city=%E6%B1%A0%E5%B7%9E&month=201610"
1503485626397	geckodriver	INFO	geckodriver 0.18.0
1503485626401	geckodriver	INFO	Listening on 127.0.0.1:50608
1503485627445	geckodriver::marionette	INFO	Starting browser /Applications/Firefox.app/Contents/MacOS/firefox-bin with args ["-marionette"]
1503485627977	Marionette	INFO	Enabled via --marionette
2017-08-23 18:53:49.123 plugin-container[24833:1535130] *** CFMessagePort: bootstrap_register(): failed 1100 (0x44c) 'Permission denied', port = 0xad3b, name = 'com.apple.tsm.portname'
See /usr/include/servers/bootstrap_defs.h for the error codes.
2017-08-23 18:53:49.123 plugin-container[24833:1535130] *** CFMessagePort: bootstrap_register(): failed 1100 (0x44c) 'Permission denied', port = 0xb003, name = 'com.apple.CFPasteboardClient'
See /usr/include/servers/bootstrap_defs.h for the error codes.
1503485629378	Marionette	INFO	Listening on port 50617
JavaScript error: chrome://marionette/content/server.js, line 337: NS_ERROR_SOCKET_ADDRESS_IN_USE: Component returned failure code: 0x804b0036 (NS_ERROR_SOCKET_ADDRESS_IN_USE) [nsIServerSocket.initSpecialConnection]
1503485629447	Marionette	WARN	TLS certificate errors will be ignored for this session
1503485629479	Marionette	DEBUG	loaded listener.js
1503485629500	Marionette	DEBUG	Received DOM event "beforeunload" for "about:blank"
1503485630304	Marionette	DEBUG	Received DOM event "pagehide" for "about:blank"
1503485630305	Marionette	DEBUG	Received DOM event "unload" for "about:blank"
JavaScript warning: https://www.aqistudy.cn/historydata/resource/js/jquery.min.js?v=1.5, line 1: Using //@ to indicate sourceMappingURL pragmas is deprecated. Use //# instead
1503485630869	Marionette	DEBUG	Received DOM event "DOMContentLoaded" for "https://www.aqistudy.cn/historydata/daydata.php?city=%E6%B1%A0%E5%B7%9E&month=201609"
1503485631336	Marionette	DEBUG	Received DOM event "pageshow" for "https://www.aqistudy.cn/historydata/daydata.php?city=%E6%B1%A0%E5%B7%9E&month=201609"
[GFX1]: [Tiling:Client] Failed to allocate a TextureClient
[GFX1]: ValidateTile failed
[GFX1]: [Tiling:Client] Failed to allocate a TextureClient
[GFX1]: ValidateTile failed
[GFX1]: [Tiling:Client] Failed to allocate a TextureClient
[GFX1]: ValidateTile failed
[GFX1]: [Tiling:Client] Failed to allocate a TextureClient
[GFX1]: ValidateTile failed
[GFX1]: [Tiling:Client] Failed to allocate a TextureClient
[GFX1]: ValidateTile failed
[GFX1]: [Tiling:Client] Failed to allocate a TextureClient
[GFX1]: ValidateTile failed
1503485636526	geckodriver	INFO	geckodriver 0.18.0
1503485636530	geckodriver	INFO	Listening on 127.0.0.1:50704
1503485637584	geckodriver::marionette	INFO	Starting browser /Applications/Firefox.app/Contents/MacOS/firefox-bin with args ["-marionette"]
1503485638128	Marionette	INFO	Enabled via --marionette
2017-08-23 18:53:59.116 plugin-container[24837:1535777] *** CFMessagePort: bootstrap_register(): failed 1100 (0x44c) 'Permission denied', port = 0xad3b, name = 'com.apple.tsm.portname'
See /usr/include/servers/bootstrap_defs.h for the error codes.
2017-08-23 18:53:59.117 plugin-container[24837:1535777] *** CFMessagePort: bootstrap_register(): failed 1100 (0x44c) 'Permission denied', port = 0xb003, name = 'com.apple.CFPasteboardClient'
See /usr/include/servers/bootstrap_defs.h for the error codes.
1503485639470	Marionette	INFO	Listening on port 50718
JavaScript error: chrome://marionette/content/server.js, line 337: NS_ERROR_SOCKET_ADDRESS_IN_USE: Component returned failure code: 0x804b0036 (NS_ERROR_SOCKET_ADDRESS_IN_USE) [nsIServerSocket.initSpecialConnection]
1503485639580	Marionette	WARN	TLS certificate errors will be ignored for this session
1503485639613	Marionette	DEBUG	loaded listener.js
1503485639633	Marionette	DEBUG	Received DOM event "beforeunload" for "about:blank"
1503485640465	Marionette	DEBUG	Received DOM event "pagehide" for "about:blank"
1503485640465	Marionette	DEBUG	Received DOM event "unload" for "about:blank"
JavaScript warning: https://www.aqistudy.cn/historydata/resource/js/jquery.min.js?v=1.5, line 1: Using //@ to indicate sourceMappingURL pragmas is deprecated. Use //# instead
1503485641078	Marionette	DEBUG	Received DOM event "DOMContentLoaded" for "https://www.aqistudy.cn/historydata/daydata.php?city=%E6%B1%A0%E5%B7%9E&month=201608"
1503485641541	Marionette	DEBUG	Received DOM event "pageshow" for "https://www.aqistudy.cn/historydata/daydata.php?city=%E6%B1%A0%E5%B7%9E&month=201608"
[GFX1]: [Tiling:Client] Failed to allocate a TextureClient
[GFX1]: ValidateTile failed
[GFX1]: [Tiling:Client] Failed to allocate a TextureClient
[GFX1]: ValidateTile failed
[GFX1]: [Tiling:Client] Failed to allocate a TextureClient
[GFX1]: ValidateTile failed
[GFX1]: [Tiling:Client] Failed to allocate a TextureClient
[GFX1]: ValidateTile failed
[GFX1]: [Tiling:Client] Failed to allocate a TextureClient
[GFX1]: ValidateTile failed
[GFX1]: [Tiling:Client] Failed to allocate a TextureClient
[GFX1]: ValidateTile failed
[GFX1]: [Tiling:Client] Failed to allocate a TextureClient
[GFX1]: ValidateTile failed
[GFX1]: [Tiling:Client] Failed to allocate a TextureClient
[GFX1]: ValidateTile failed
[GFX1]: [Tiling:Client] Failed to allocate a TextureClient
[GFX1]: ValidateTile failed
[GFX1]: [Tiling:Client] Failed to allocate a TextureClient
[GFX1]: ValidateTile failed
[GFX1]: [Tiling:Client] Failed to allocate a TextureClient
[GFX1]: ValidateTile failed
1503485646659	geckodriver	INFO	geckodriver 0.18.0
1503485646662	geckodriver	INFO	Listening on 127.0.0.1:50804
1503485647710	geckodriver::marionette	INFO	Starting browser /Applications/Firefox.app/Contents/MacOS/firefox-bin with args ["-marionette"]
1503485648246	Marionette	INFO	Enabled via --marionette
2017-08-23 18:54:09.393 plugin-container[24843:1536420] *** CFMessagePort: bootstrap_register(): failed 1100 (0x44c) 'Permission denied', port = 0xad3b, name = 'com.apple.tsm.portname'
See /usr/include/servers/bootstrap_defs.h for the error codes.
2017-08-23 18:54:09.394 plugin-container[24843:1536420] *** CFMessagePort: bootstrap_register(): failed 1100 (0x44c) 'Permission denied', port = 0xb003, name = 'com.apple.CFPasteboardClient'
See /usr/include/servers/bootstrap_defs.h for the error codes.
1503485649618	Marionette	INFO	Listening on port 50819
JavaScript error: chrome://marionette/content/server.js, line 337: NS_ERROR_SOCKET_ADDRESS_IN_USE: Component returned failure code: 0x804b0036 (NS_ERROR_SOCKET_ADDRESS_IN_USE) [nsIServerSocket.initSpecialConnection]
1503485649713	Marionette	WARN	TLS certificate errors will be ignored for this session
1503485649746	Marionette	DEBUG	loaded listener.js
1503485649769	Marionette	DEBUG	Received DOM event "beforeunload" for "about:blank"
1503485650551	Marionette	DEBUG	Received DOM event "pagehide" for "about:blank"
1503485650551	Marionette	DEBUG	Received DOM event "unload" for "about:blank"
JavaScript warning: https://www.aqistudy.cn/historydata/resource/js/jquery.min.js?v=1.5, line 1: Using //@ to indicate sourceMappingURL pragmas is deprecated. Use //# instead
1503485651073	Marionette	DEBUG	Received DOM event "DOMContentLoaded" for "https://www.aqistudy.cn/historydata/daydata.php?city=%E6%B1%A0%E5%B7%9E&month=201607"
1503485651505	Marionette	DEBUG	Received DOM event "pageshow" for "https://www.aqistudy.cn/historydata/daydata.php?city=%E6%B1%A0%E5%B7%9E&month=201607"
1503485656633	geckodriver	INFO	geckodriver 0.18.0
1503485656637	geckodriver	INFO	Listening on 127.0.0.1:50906
1503485657689	geckodriver::marionette	INFO	Starting browser /Applications/Firefox.app/Contents/MacOS/firefox-bin with args ["-marionette"]
1503485658255	Marionette	INFO	Enabled via --marionette
2017-08-23 18:54:19.531 plugin-container[24846:1537072] *** CFMessagePort: bootstrap_register(): failed 1100 (0x44c) 'Permission denied', port = 0xad3b, name = 'com.apple.tsm.portname'
See /usr/include/servers/bootstrap_defs.h for the error codes.
2017-08-23 18:54:19.532 plugin-container[24846:1537072] *** CFMessagePort: bootstrap_register(): failed 1100 (0x44c) 'Permission denied', port = 0xb003, name = 'com.apple.CFPasteboardClient'
See /usr/include/servers/bootstrap_defs.h for the error codes.
1503485659815	Marionette	INFO	Listening on port 50915
JavaScript error: chrome://marionette/content/server.js, line 337: NS_ERROR_SOCKET_ADDRESS_IN_USE: Component returned failure code: 0x804b0036 (NS_ERROR_SOCKET_ADDRESS_IN_USE) [nsIServerSocket.initSpecialConnection]
1503485659899	Marionette	WARN	TLS certificate errors will be ignored for this session
1503485659935	Marionette	DEBUG	loaded listener.js
1503485659954	Marionette	DEBUG	Received DOM event "beforeunload" for "about:blank"
1503485660785	Marionette	DEBUG	Received DOM event "pagehide" for "about:blank"
1503485660786	Marionette	DEBUG	Received DOM event "unload" for "about:blank"
JavaScript warning: https://www.aqistudy.cn/historydata/resource/js/jquery.min.js?v=1.5, line 1: Using //@ to indicate sourceMappingURL pragmas is deprecated. Use //# instead
1503485661404	Marionette	DEBUG	Received DOM event "DOMContentLoaded" for "https://www.aqistudy.cn/historydata/daydata.php?city=%E6%B1%A0%E5%B7%9E&month=201606"
1503485661845	Marionette	DEBUG	Received DOM event "pageshow" for "https://www.aqistudy.cn/historydata/daydata.php?city=%E6%B1%A0%E5%B7%9E&month=201606"
1503485667277	geckodriver	INFO	geckodriver 0.18.0
1503485667283	geckodriver	INFO	Listening on 127.0.0.1:51022
1503485668330	geckodriver::marionette	INFO	Starting browser /Applications/Firefox.app/Contents/MacOS/firefox-bin with args ["-marionette"]
1503485668866	Marionette	INFO	Enabled via --marionette
1503485670175	Marionette	INFO	Listening on port 51031
JavaScript error: chrome://marionette/content/server.js, line 337: NS_ERROR_SOCKET_ADDRESS_IN_USE: Component returned failure code: 0x804b0036 (NS_ERROR_SOCKET_ADDRESS_IN_USE) [nsIServerSocket.initSpecialConnection]
1503485670227	Marionette	WARN	TLS certificate errors will be ignored for this session
2017-08-23 18:54:30.233 plugin-container[24851:1537711] *** CFMessagePort: bootstrap_register(): failed 1100 (0x44c) 'Permission denied', port = 0xaf3b, name = 'com.apple.tsm.portname'
See /usr/include/servers/bootstrap_defs.h for the error codes.
2017-08-23 18:54:30.234 plugin-container[24851:1537711] *** CFMessagePort: bootstrap_register(): failed 1100 (0x44c) 'Permission denied', port = 0xb203, name = 'com.apple.CFPasteboardClient'
See /usr/include/servers/bootstrap_defs.h for the error codes.
1503485670284	Marionette	DEBUG	loaded listener.js
1503485670303	Marionette	DEBUG	Received DOM event "beforeunload" for "about:blank"
1503485671059	Marionette	DEBUG	Received DOM event "pagehide" for "about:blank"
1503485671059	Marionette	DEBUG	Received DOM event "unload" for "about:blank"
JavaScript warning: https://www.aqistudy.cn/historydata/resource/js/jquery.min.js?v=1.5, line 1: Using //@ to indicate sourceMappingURL pragmas is deprecated. Use //# instead
1503485671594	Marionette	DEBUG	Received DOM event "DOMContentLoaded" for "https://www.aqistudy.cn/historydata/daydata.php?city=%E6%BD%AE%E5%B7%9E&month=201610"
1503485672105	Marionette	DEBUG	Received DOM event "pageshow" for "https://www.aqistudy.cn/historydata/daydata.php?city=%E6%BD%AE%E5%B7%9E&month=201610"
[GFX1]: [Tiling:Client] Failed to allocate a TextureClient
[GFX1]: ValidateTile failed
1503485677304	geckodriver	INFO	geckodriver 0.18.0
1503485677310	geckodriver	INFO	Listening on 127.0.0.1:51124
1503485678355	geckodriver::marionette	INFO	Starting browser /Applications/Firefox.app/Contents/MacOS/firefox-bin with args ["-marionette"]
1503485678890	Marionette	INFO	Enabled via --marionette
2017-08-23 18:54:40.101 plugin-container[24855:1538651] *** CFMessagePort: bootstrap_register(): failed 1100 (0x44c) 'Permission denied', port = 0xad3b, name = 'com.apple.tsm.portname'
See /usr/include/servers/bootstrap_defs.h for the error codes.
2017-08-23 18:54:40.101 plugin-container[24855:1538651] *** CFMessagePort: bootstrap_register(): failed 1100 (0x44c) 'Permission denied', port = 0xb103, name = 'com.apple.CFPasteboardClient'
See /usr/include/servers/bootstrap_defs.h for the error codes.
1503485680324	Marionette	INFO	Listening on port 51133
JavaScript error: chrome://marionette/content/server.js, line 337: NS_ERROR_SOCKET_ADDRESS_IN_USE: Component returned failure code: 0x804b0036 (NS_ERROR_SOCKET_ADDRESS_IN_USE) [nsIServerSocket.initSpecialConnection]
1503485680354	Marionette	WARN	TLS certificate errors will be ignored for this session
1503485680392	Marionette	DEBUG	loaded listener.js
1503485680410	Marionette	DEBUG	Received DOM event "beforeunload" for "about:blank"
1503485681461	Marionette	DEBUG	Received DOM event "pagehide" for "about:blank"
1503485681461	Marionette	DEBUG	Received DOM event "unload" for "about:blank"
JavaScript warning: https://www.aqistudy.cn/historydata/resource/js/jquery.min.js?v=1.5, line 1: Using //@ to indicate sourceMappingURL pragmas is deprecated. Use //# instead
1503485682009	Marionette	DEBUG	Received DOM event "DOMContentLoaded" for "https://www.aqistudy.cn/historydata/daydata.php?city=%E6%BD%AE%E5%B7%9E&month=201609"
1503485683261	Marionette	DEBUG	Received DOM event "pageshow" for "https://www.aqistudy.cn/historydata/daydata.php?city=%E6%BD%AE%E5%B7%9E&month=201609"
1503485688365	geckodriver	INFO	geckodriver 0.18.0
1503485688370	geckodriver	INFO	Listening on 127.0.0.1:51239
1503485689419	geckodriver::marionette	INFO	Starting browser /Applications/Firefox.app/Contents/MacOS/firefox-bin with args ["-marionette"]
1503485689984	Marionette	INFO	Enabled via --marionette
2017-08-23 18:54:51.124 plugin-container[24858:1539229] *** CFMessagePort: bootstrap_register(): failed 1100 (0x44c) 'Permission denied', port = 0xaf3b, name = 'com.apple.tsm.portname'
See /usr/include/servers/bootstrap_defs.h for the error codes.
2017-08-23 18:54:51.125 plugin-container[24858:1539229] *** CFMessagePort: bootstrap_register(): failed 1100 (0x44c) 'Permission denied', port = 0xb203, name = 'com.apple.CFPasteboardClient'
See /usr/include/servers/bootstrap_defs.h for the error codes.
1503485691364	Marionette	INFO	Listening on port 51252
JavaScript error: chrome://marionette/content/server.js, line 337: NS_ERROR_SOCKET_ADDRESS_IN_USE: Component returned failure code: 0x804b0036 (NS_ERROR_SOCKET_ADDRESS_IN_USE) [nsIServerSocket.initSpecialConnection]
1503485691423	Marionette	WARN	TLS certificate errors will be ignored for this session
1503485691458	Marionette	DEBUG	loaded listener.js
1503485691476	Marionette	DEBUG	Received DOM event "beforeunload" for "about:blank"
1503485692259	Marionette	DEBUG	Received DOM event "pagehide" for "about:blank"
1503485692259	Marionette	DEBUG	Received DOM event "unload" for "about:blank"
JavaScript warning: https://www.aqistudy.cn/historydata/resource/js/jquery.min.js?v=1.5, line 1: Using //@ to indicate sourceMappingURL pragmas is deprecated. Use //# instead
1503485692807	Marionette	DEBUG	Received DOM event "DOMContentLoaded" for "https://www.aqistudy.cn/historydata/daydata.php?city=%E6%BD%AE%E5%B7%9E&month=201608"
1503485693522	Marionette	DEBUG	Received DOM event "pageshow" for "https://www.aqistudy.cn/historydata/daydata.php?city=%E6%BD%AE%E5%B7%9E&month=201608"
[GFX1]: [Tiling:Client] Failed to allocate a TextureClient
[GFX1]: ValidateTile failed
[GFX1]: [Tiling:Client] Failed to allocate a TextureClient
[GFX1]: ValidateTile failed
[GFX1]: [Tiling:Client] Failed to allocate a TextureClient
[GFX1]: ValidateTile failed
[GFX1]: [Tiling:Client] Failed to allocate a TextureClient
[GFX1]: ValidateTile failed
[GFX1]: [Tiling:Client] Failed to allocate a TextureClient
[GFX1]: ValidateTile failed
[GFX1]: [Tiling:Client] Failed to allocate a TextureClient
[GFX1]: ValidateTile failed
[GFX1]: [Tiling:Client] Failed to allocate a TextureClient
[GFX1]: ValidateTile failed
[GFX1]: [Tiling:Client] Failed to allocate a TextureClient
[GFX1]: ValidateTile failed
[GFX1]: [Tiling:Client] Failed to allocate a TextureClient
[GFX1]: ValidateTile failed
[GFX1]: [Tiling:Client] Failed to allocate a TextureClient
[GFX1]: ValidateTile failed
1503485698647	geckodriver	INFO	geckodriver 0.18.0
1503485698654	geckodriver	INFO	Listening on 127.0.0.1:51340
1503485699699	geckodriver::marionette	INFO	Starting browser /Applications/Firefox.app/Contents/MacOS/firefox-bin with args ["-marionette"]
1503485700282	Marionette	INFO	Enabled via --marionette
2017-08-23 18:55:01.312 plugin-container[24863:1539873] *** CFMessagePort: bootstrap_register(): failed 1100 (0x44c) 'Permission denied', port = 0xad3b, name = 'com.apple.tsm.portname'
See /usr/include/servers/bootstrap_defs.h for the error codes.
2017-08-23 18:55:01.312 plugin-container[24863:1539873] *** CFMessagePort: bootstrap_register(): failed 1100 (0x44c) 'Permission denied', port = 0xb103, name = 'com.apple.CFPasteboardClient'
See /usr/include/servers/bootstrap_defs.h for the error codes.
1503485701739	Marionette	INFO	Listening on port 51349
JavaScript error: chrome://marionette/content/server.js, line 337: NS_ERROR_SOCKET_ADDRESS_IN_USE: Component returned failure code: 0x804b0036 (NS_ERROR_SOCKET_ADDRESS_IN_USE) [nsIServerSocket.initSpecialConnection]
1503485701810	Marionette	WARN	TLS certificate errors will be ignored for this session
1503485701843	Marionette	DEBUG	loaded listener.js
1503485701859	Marionette	DEBUG	Received DOM event "beforeunload" for "about:blank"
1503485702632	Marionette	DEBUG	Received DOM event "pagehide" for "about:blank"
1503485702632	Marionette	DEBUG	Received DOM event "unload" for "about:blank"
JavaScript warning: https://www.aqistudy.cn/historydata/resource/js/jquery.min.js?v=1.5, line 1: Using //@ to indicate sourceMappingURL pragmas is deprecated. Use //# instead
1503485703213	Marionette	DEBUG	Received DOM event "DOMContentLoaded" for "https://www.aqistudy.cn/historydata/daydata.php?city=%E6%BD%AE%E5%B7%9E&month=201607"
1503485703665	Marionette	DEBUG	Received DOM event "pageshow" for "https://www.aqistudy.cn/historydata/daydata.php?city=%E6%BD%AE%E5%B7%9E&month=201607"
[GFX1]: [Tiling:Client] Failed to allocate a TextureClient
[GFX1]: ValidateTile failed
[GFX1]: [Tiling:Client] Failed to allocate a TextureClient
[GFX1]: ValidateTile failed
1503485708870	geckodriver	INFO	geckodriver 0.18.0
1503485708874	geckodriver	INFO	Listening on 127.0.0.1:51443
1503485709925	geckodriver::marionette	INFO	Starting browser /Applications/Firefox.app/Contents/MacOS/firefox-bin with args ["-marionette"]
1503485710458	Marionette	INFO	Enabled via --marionette
2017-08-23 18:55:11.576 plugin-container[24867:1540532] *** CFMessagePort: bootstrap_register(): failed 1100 (0x44c) 'Permission denied', port = 0xad3b, name = 'com.apple.tsm.portname'
See /usr/include/servers/bootstrap_defs.h for the error codes.
2017-08-23 18:55:11.577 plugin-container[24867:1540532] *** CFMessagePort: bootstrap_register(): failed 1100 (0x44c) 'Permission denied', port = 0xb003, name = 'com.apple.CFPasteboardClient'
See /usr/include/servers/bootstrap_defs.h for the error codes.
1503485711798	Marionette	INFO	Listening on port 51452
JavaScript error: chrome://marionette/content/server.js, line 337: NS_ERROR_SOCKET_ADDRESS_IN_USE: Component returned failure code: 0x804b0036 (NS_ERROR_SOCKET_ADDRESS_IN_USE) [nsIServerSocket.initSpecialConnection]
1503485711816	Marionette	WARN	TLS certificate errors will be ignored for this session
1503485711851	Marionette	DEBUG	loaded listener.js
1503485711869	Marionette	DEBUG	Received DOM event "beforeunload" for "about:blank"
1503485712614	Marionette	DEBUG	Received DOM event "pagehide" for "about:blank"
1503485712615	Marionette	DEBUG	Received DOM event "unload" for "about:blank"
JavaScript warning: https://www.aqistudy.cn/historydata/resource/js/jquery.min.js?v=1.5, line 1: Using //@ to indicate sourceMappingURL pragmas is deprecated. Use //# instead
1503485713088	Marionette	DEBUG	Received DOM event "DOMContentLoaded" for "https://www.aqistudy.cn/historydata/daydata.php?city=%E6%BD%AE%E5%B7%9E&month=201606"
1503485714869	Marionette	DEBUG	Received DOM event "pageshow" for "https://www.aqistudy.cn/historydata/daydata.php?city=%E6%BD%AE%E5%B7%9E&month=201606"
[GFX1-]: Receive IPC close with reason=AbnormalShutdown
[Child 24867] WARNING: pipe error: Broken pipe: file /builds/slave/m-rel-m64-00000000000000000000/build/src/ipc/chromium/src/chrome/common/ipc_channel_posix.cc, line 709
1503485719975	geckodriver	INFO	geckodriver 0.18.0
1503485719981	geckodriver	INFO	Listening on 127.0.0.1:51545
1503485721028	geckodriver::marionette	INFO	Starting browser /Applications/Firefox.app/Contents/MacOS/firefox-bin with args ["-marionette"]
1503485721570	Marionette	INFO	Enabled via --marionette
2017-08-23 18:55:22.682 plugin-container[24870:1541192] *** CFMessagePort: bootstrap_register(): failed 1100 (0x44c) 'Permission denied', port = 0xaf3b, name = 'com.apple.tsm.portname'
See /usr/include/servers/bootstrap_defs.h for the error codes.
2017-08-23 18:55:22.682 plugin-container[24870:1541192] *** CFMessagePort: bootstrap_register(): failed 1100 (0x44c) 'Permission denied', port = 0xb203, name = 'com.apple.CFPasteboardClient'
See /usr/include/servers/bootstrap_defs.h for the error codes.
1503485722886	Marionette	INFO	Listening on port 51554
JavaScript error: chrome://marionette/content/server.js, line 337: NS_ERROR_SOCKET_ADDRESS_IN_USE: Component returned failure code: 0x804b0036 (NS_ERROR_SOCKET_ADDRESS_IN_USE) [nsIServerSocket.initSpecialConnection]
1503485722938	Marionette	WARN	TLS certificate errors will be ignored for this session
1503485722973	Marionette	DEBUG	loaded listener.js
1503485722995	Marionette	DEBUG	Received DOM event "beforeunload" for "about:blank"
1503485723772	Marionette	DEBUG	Received DOM event "pagehide" for "about:blank"
1503485723773	Marionette	DEBUG	Received DOM event "unload" for "about:blank"
JavaScript warning: https://www.aqistudy.cn/historydata/resource/js/jquery.min.js?v=1.5, line 1: Using //@ to indicate sourceMappingURL pragmas is deprecated. Use //# instead
1503485724327	Marionette	DEBUG	Received DOM event "DOMContentLoaded" for "https://www.aqistudy.cn/historydata/daydata.php?city=%E6%BB%81%E5%B7%9E&month=201610"
1503485724835	Marionette	DEBUG	Received DOM event "pageshow" for "https://www.aqistudy.cn/historydata/daydata.php?city=%E6%BB%81%E5%B7%9E&month=201610"
1503485730041	geckodriver	INFO	geckodriver 0.18.0
1503485730045	geckodriver	INFO	Listening on 127.0.0.1:51639
1503485731091	geckodriver::marionette	INFO	Starting browser /Applications/Firefox.app/Contents/MacOS/firefox-bin with args ["-marionette"]
1503485731622	Marionette	INFO	Enabled via --marionette
2017-08-23 18:55:32.760 plugin-container[24874:1541801] *** CFMessagePort: bootstrap_register(): failed 1100 (0x44c) 'Permission denied', port = 0xad3b, name = 'com.apple.tsm.portname'
See /usr/include/servers/bootstrap_defs.h for the error codes.
2017-08-23 18:55:32.761 plugin-container[24874:1541801] *** CFMessagePort: bootstrap_register(): failed 1100 (0x44c) 'Permission denied', port = 0xb103, name = 'com.apple.CFPasteboardClient'
See /usr/include/servers/bootstrap_defs.h for the error codes.
1503485732998	Marionette	INFO	Listening on port 51653
JavaScript error: chrome://marionette/content/server.js, line 337: NS_ERROR_SOCKET_ADDRESS_IN_USE: Component returned failure code: 0x804b0036 (NS_ERROR_SOCKET_ADDRESS_IN_USE) [nsIServerSocket.initSpecialConnection]
1503485733094	Marionette	WARN	TLS certificate errors will be ignored for this session
1503485733126	Marionette	DEBUG	loaded listener.js
1503485733149	Marionette	DEBUG	Received DOM event "beforeunload" for "about:blank"
1503485733850	Marionette	DEBUG	Received DOM event "pagehide" for "about:blank"
1503485733850	Marionette	DEBUG	Received DOM event "unload" for "about:blank"
JavaScript warning: https://www.aqistudy.cn/historydata/resource/js/jquery.min.js?v=1.5, line 1: Using //@ to indicate sourceMappingURL pragmas is deprecated. Use //# instead
1503485734412	Marionette	DEBUG	Received DOM event "DOMContentLoaded" for "https://www.aqistudy.cn/historydata/daydata.php?city=%E6%BB%81%E5%B7%9E&month=201609"
1503485734953	Marionette	DEBUG	Received DOM event "pageshow" for "https://www.aqistudy.cn/historydata/daydata.php?city=%E6%BB%81%E5%B7%9E&month=201609"
[GFX1-]: Receive IPC close with reason=AbnormalShutdown
1503485740053	geckodriver	INFO	geckodriver 0.18.0
1503485740057	geckodriver	INFO	Listening on 127.0.0.1:51740
1503485741103	geckodriver::marionette	INFO	Starting browser /Applications/Firefox.app/Contents/MacOS/firefox-bin with args ["-marionette"]
1503485741634	Marionette	INFO	Enabled via --marionette
2017-08-23 18:55:42.617 plugin-container[24877:1542426] *** CFMessagePort: bootstrap_register(): failed 1100 (0x44c) 'Permission denied', port = 0xae3b, name = 'com.apple.tsm.portname'
See /usr/include/servers/bootstrap_defs.h for the error codes.
2017-08-23 18:55:42.619 plugin-container[24877:1542426] *** CFMessagePort: bootstrap_register(): failed 1100 (0x44c) 'Permission denied', port = 0xb103, name = 'com.apple.CFPasteboardClient'
See /usr/include/servers/bootstrap_defs.h for the error codes.
1503485743020	Marionette	INFO	Listening on port 51750
JavaScript error: chrome://marionette/content/server.js, line 337: NS_ERROR_SOCKET_ADDRESS_IN_USE: Component returned failure code: 0x804b0036 (NS_ERROR_SOCKET_ADDRESS_IN_USE) [nsIServerSocket.initSpecialConnection]
1503485743103	Marionette	WARN	TLS certificate errors will be ignored for this session
1503485743135	Marionette	DEBUG	loaded listener.js
1503485743155	Marionette	DEBUG	Received DOM event "beforeunload" for "about:blank"
1503485743977	Marionette	DEBUG	Received DOM event "pagehide" for "about:blank"
1503485743978	Marionette	DEBUG	Received DOM event "unload" for "about:blank"
JavaScript warning: https://www.aqistudy.cn/historydata/resource/js/jquery.min.js?v=1.5, line 1: Using //@ to indicate sourceMappingURL pragmas is deprecated. Use //# instead
1503485744449	Marionette	DEBUG	Received DOM event "DOMContentLoaded" for "https://www.aqistudy.cn/historydata/daydata.php?city=%E6%BB%81%E5%B7%9E&month=201608"
1503485744943	Marionette	DEBUG	Received DOM event "pageshow" for "https://www.aqistudy.cn/historydata/daydata.php?city=%E6%BB%81%E5%B7%9E&month=201608"
[GFX1]: [Tiling:Client] Failed to allocate a TextureClient
[GFX1]: ValidateTile failed
[GFX1]: [Tiling:Client] Failed to allocate a TextureClient
[GFX1]: ValidateTile failed
[GFX1]: [Tiling:Client] Failed to allocate a TextureClient
[GFX1]: ValidateTile failed
[GFX1]: [Tiling:Client] Failed to allocate a TextureClient
[GFX1]: ValidateTile failed
[GFX1]: [Tiling:Client] Failed to allocate a TextureClient
[GFX1]: ValidateTile failed
[GFX1]: [Tiling:Client] Failed to allocate a TextureClient
[GFX1]: ValidateTile failed
[GFX1]: [Tiling:Client] Failed to allocate a TextureClient
[GFX1]: ValidateTile failed
[GFX1]: [Tiling:Client] Failed to allocate a TextureClient
[GFX1]: ValidateTile failed
[GFX1]: [Tiling:Client] Failed to allocate a TextureClient
[GFX1]: ValidateTile failed
[GFX1]: [Tiling:Client] Failed to allocate a TextureClient
[GFX1]: ValidateTile failed
[GFX1]: [Tiling:Client] Failed to allocate a TextureClient
[GFX1]: ValidateTile failed
[GFX1]: [Tiling:Client] Failed to allocate a TextureClient
[GFX1]: ValidateTile failed
[GFX1]: [Tiling:Client] Failed to allocate a TextureClient
[GFX1]: ValidateTile failed
[GFX1]: [Tiling:Client] Failed to allocate a TextureClient
[GFX1]: ValidateTile failed
[GFX1]: [Tiling:Client] Failed to allocate a TextureClient
[GFX1]: ValidateTile failed
[GFX1]: [Tiling:Client] Failed to allocate a TextureClient
[GFX1]: ValidateTile failed
[GFX1]: [Tiling:Client] Failed to allocate a TextureClient
[GFX1]: ValidateTile failed
[GFX1]: [Tiling:Client] Failed to allocate a TextureClient
1503485750094	geckodriver	INFO	geckodriver 0.18.0
1503485750097	geckodriver	INFO	Listening on 127.0.0.1:51842
1503485751145	geckodriver::marionette	INFO	Starting browser /Applications/Firefox.app/Contents/MacOS/firefox-bin with args ["-marionette"]
1503485751677	Marionette	INFO	Enabled via --marionette
2017-08-23 18:55:52.809 plugin-container[24880:1543202] *** CFMessagePort: bootstrap_register(): failed 1100 (0x44c) 'Permission denied', port = 0xad3b, name = 'com.apple.tsm.portname'
See /usr/include/servers/bootstrap_defs.h for the error codes.
2017-08-23 18:55:52.809 plugin-container[24880:1543202] *** CFMessagePort: bootstrap_register(): failed 1100 (0x44c) 'Permission denied', port = 0xb103, name = 'com.apple.CFPasteboardClient'
See /usr/include/servers/bootstrap_defs.h for the error codes.
1503485753039	Marionette	INFO	Listening on port 51854
JavaScript error: chrome://marionette/content/server.js, line 337: NS_ERROR_SOCKET_ADDRESS_IN_USE: Component returned failure code: 0x804b0036 (NS_ERROR_SOCKET_ADDRESS_IN_USE) [nsIServerSocket.initSpecialConnection]
1503485753143	Marionette	WARN	TLS certificate errors will be ignored for this session
1503485753175	Marionette	DEBUG	loaded listener.js
1503485753197	Marionette	DEBUG	Received DOM event "beforeunload" for "about:blank"
1503485754021	Marionette	DEBUG	Received DOM event "pagehide" for "about:blank"
1503485754021	Marionette	DEBUG	Received DOM event "unload" for "about:blank"
JavaScript warning: https://www.aqistudy.cn/historydata/resource/js/jquery.min.js?v=1.5, line 1: Using //@ to indicate sourceMappingURL pragmas is deprecated. Use //# instead
1503485754631	Marionette	DEBUG	Received DOM event "DOMContentLoaded" for "https://www.aqistudy.cn/historydata/daydata.php?city=%E6%BB%81%E5%B7%9E&month=201607"
1503485755930	Marionette	DEBUG	Received DOM event "pageshow" for "https://www.aqistudy.cn/historydata/daydata.php?city=%E6%BB%81%E5%B7%9E&month=201607"
1503485761027	geckodriver	INFO	geckodriver 0.18.0
1503485761031	geckodriver	INFO	Listening on 127.0.0.1:51943
1503485762108	geckodriver::marionette	INFO	Starting browser /Applications/Firefox.app/Contents/MacOS/firefox-bin with args ["-marionette"]
1503485762634	Marionette	INFO	Enabled via --marionette
2017-08-23 18:56:03.753 plugin-container[24885:1543865] *** CFMessagePort: bootstrap_register(): failed 1100 (0x44c) 'Permission denied', port = 0xaf3b, name = 'com.apple.tsm.portname'
See /usr/include/servers/bootstrap_defs.h for the error codes.
2017-08-23 18:56:03.754 plugin-container[24885:1543865] *** CFMessagePort: bootstrap_register(): failed 1100 (0x44c) 'Permission denied', port = 0xb303, name = 'com.apple.CFPasteboardClient'
See /usr/include/servers/bootstrap_defs.h for the error codes.
1503485763973	Marionette	INFO	Listening on port 51956
JavaScript error: chrome://marionette/content/server.js, line 337: NS_ERROR_SOCKET_ADDRESS_IN_USE: Component returned failure code: 0x804b0036 (NS_ERROR_SOCKET_ADDRESS_IN_USE) [nsIServerSocket.initSpecialConnection]
1503485764001	Marionette	WARN	TLS certificate errors will be ignored for this session
1503485764035	Marionette	DEBUG	loaded listener.js
1503485764059	Marionette	DEBUG	Received DOM event "beforeunload" for "about:blank"
1503485764860	Marionette	DEBUG	Received DOM event "pagehide" for "about:blank"
1503485764860	Marionette	DEBUG	Received DOM event "unload" for "about:blank"
JavaScript warning: https://www.aqistudy.cn/historydata/resource/js/jquery.min.js?v=1.5, line 1: Using //@ to indicate sourceMappingURL pragmas is deprecated. Use //# instead
1503485765374	Marionette	DEBUG	Received DOM event "DOMContentLoaded" for "https://www.aqistudy.cn/historydata/daydata.php?city=%E6%BB%81%E5%B7%9E&month=201606"
1503485765815	Marionette	DEBUG	Received DOM event "pageshow" for "https://www.aqistudy.cn/historydata/daydata.php?city=%E6%BB%81%E5%B7%9E&month=201606"
